<?xml version="1.0" encoding="UTF-8"?>
<testsuite xmlns:xsi="http://www.w3.org/2001/XMLSchema-instance" xsi:noNamespaceSchemaLocation="https://maven.apache.org/surefire/maven-surefire-plugin/xsd/surefire-test-report.xsd" name="com.spring.cloud.examples.gateway.DemoGatewayApplicationTests" time="0.018" tests="1" errors="1" skipped="0" failures="0">
  <properties>
    <property name="gopherProxySet" value="false"/>
    <property name="awt.toolkit" value="sun.lwawt.macosx.LWCToolkit"/>
    <property name="file.encoding.pkg" value="sun.io"/>
    <property name="java.specification.version" value="1.8"/>
    <property name="sun.cpu.isalist" value=""/>
    <property name="sun.jnu.encoding" value="UTF-8"/>
    <property name="java.class.path" value="/Users/sprasad9/JCP/code/personal/spring-cloud-circuitbreaker-demo/spring-cloud-gateway-sample/target/test-classes:/Users/sprasad9/JCP/code/personal/spring-cloud-circuitbreaker-demo/spring-cloud-gateway-sample/target/classes:/Users/sprasad9/.m2/repository/org/springframework/boot/spring-boot-starter-actuator/2.3.1.RELEASE/spring-boot-starter-actuator-2.3.1.RELEASE.jar:/Users/sprasad9/.m2/repository/org/springframework/boot/spring-boot-starter/2.3.1.RELEASE/spring-boot-starter-2.3.1.RELEASE.jar:/Users/sprasad9/.m2/repository/org/springframework/boot/spring-boot/2.3.1.RELEASE/spring-boot-2.3.1.RELEASE.jar:/Users/sprasad9/.m2/repository/org/springframework/boot/spring-boot-autoconfigure/2.3.1.RELEASE/spring-boot-autoconfigure-2.3.1.RELEASE.jar:/Users/sprasad9/.m2/repository/org/springframework/boot/spring-boot-starter-logging/2.3.1.RELEASE/spring-boot-starter-logging-2.3.1.RELEASE.jar:/Users/sprasad9/.m2/repository/ch/qos/logback/logback-classic/1.2.3/logback-classic-1.2.3.jar:/Users/sprasad9/.m2/repository/ch/qos/logback/logback-core/1.2.3/logback-core-1.2.3.jar:/Users/sprasad9/.m2/repository/org/apache/logging/log4j/log4j-to-slf4j/2.13.3/log4j-to-slf4j-2.13.3.jar:/Users/sprasad9/.m2/repository/org/apache/logging/log4j/log4j-api/2.13.3/log4j-api-2.13.3.jar:/Users/sprasad9/.m2/repository/org/slf4j/jul-to-slf4j/1.7.30/jul-to-slf4j-1.7.30.jar:/Users/sprasad9/.m2/repository/jakarta/annotation/jakarta.annotation-api/1.3.5/jakarta.annotation-api-1.3.5.jar:/Users/sprasad9/.m2/repository/org/yaml/snakeyaml/1.26/snakeyaml-1.26.jar:/Users/sprasad9/.m2/repository/org/springframework/boot/spring-boot-actuator-autoconfigure/2.3.1.RELEASE/spring-boot-actuator-autoconfigure-2.3.1.RELEASE.jar:/Users/sprasad9/.m2/repository/org/springframework/boot/spring-boot-actuator/2.3.1.RELEASE/spring-boot-actuator-2.3.1.RELEASE.jar:/Users/sprasad9/.m2/repository/com/fasterxml/jackson/core/jackson-databind/2.11.0/jackson-databind-2.11.0.jar:/Users/sprasad9/.m2/repository/com/fasterxml/jackson/datatype/jackson-datatype-jsr310/2.11.0/jackson-datatype-jsr310-2.11.0.jar:/Users/sprasad9/.m2/repository/io/micrometer/micrometer-core/1.5.1/micrometer-core-1.5.1.jar:/Users/sprasad9/.m2/repository/org/hdrhistogram/HdrHistogram/2.1.12/HdrHistogram-2.1.12.jar:/Users/sprasad9/.m2/repository/org/latencyutils/LatencyUtils/2.0.3/LatencyUtils-2.0.3.jar:/Users/sprasad9/.m2/repository/org/springframework/cloud/spring-cloud-starter/2.2.4.BUILD-SNAPSHOT/spring-cloud-starter-2.2.4.BUILD-SNAPSHOT.jar:/Users/sprasad9/.m2/repository/org/springframework/cloud/spring-cloud-context/2.2.4.BUILD-SNAPSHOT/spring-cloud-context-2.2.4.BUILD-SNAPSHOT.jar:/Users/sprasad9/.m2/repository/org/springframework/security/spring-security-crypto/5.3.3.RELEASE/spring-security-crypto-5.3.3.RELEASE.jar:/Users/sprasad9/.m2/repository/org/springframework/cloud/spring-cloud-commons/2.2.4.BUILD-SNAPSHOT/spring-cloud-commons-2.2.4.BUILD-SNAPSHOT.jar:/Users/sprasad9/.m2/repository/org/springframework/security/spring-security-rsa/1.0.9.RELEASE/spring-security-rsa-1.0.9.RELEASE.jar:/Users/sprasad9/.m2/repository/org/bouncycastle/bcpkix-jdk15on/1.64/bcpkix-jdk15on-1.64.jar:/Users/sprasad9/.m2/repository/org/bouncycastle/bcprov-jdk15on/1.64/bcprov-jdk15on-1.64.jar:/Users/sprasad9/.m2/repository/org/springframework/boot/spring-boot-starter-webflux/2.3.1.RELEASE/spring-boot-starter-webflux-2.3.1.RELEASE.jar:/Users/sprasad9/.m2/repository/org/springframework/boot/spring-boot-starter-json/2.3.1.RELEASE/spring-boot-starter-json-2.3.1.RELEASE.jar:/Users/sprasad9/.m2/repository/com/fasterxml/jackson/datatype/jackson-datatype-jdk8/2.11.0/jackson-datatype-jdk8-2.11.0.jar:/Users/sprasad9/.m2/repository/com/fasterxml/jackson/module/jackson-module-parameter-names/2.11.0/jackson-module-parameter-names-2.11.0.jar:/Users/sprasad9/.m2/repository/org/springframework/boot/spring-boot-starter-reactor-netty/2.3.1.RELEASE/spring-boot-starter-reactor-netty-2.3.1.RELEASE.jar:/Users/sprasad9/.m2/repository/io/projectreactor/netty/reactor-netty/0.9.8.RELEASE/reactor-netty-0.9.8.RELEASE.jar:/Users/sprasad9/.m2/repository/io/netty/netty-codec-http/4.1.50.Final/netty-codec-http-4.1.50.Final.jar:/Users/sprasad9/.m2/repository/io/netty/netty-codec-http2/4.1.50.Final/netty-codec-http2-4.1.50.Final.jar:/Users/sprasad9/.m2/repository/io/netty/netty-handler-proxy/4.1.50.Final/netty-handler-proxy-4.1.50.Final.jar:/Users/sprasad9/.m2/repository/io/netty/netty-codec-socks/4.1.50.Final/netty-codec-socks-4.1.50.Final.jar:/Users/sprasad9/.m2/repository/io/netty/netty-transport-native-epoll/4.1.50.Final/netty-transport-native-epoll-4.1.50.Final-linux-x86_64.jar:/Users/sprasad9/.m2/repository/io/netty/netty-transport-native-unix-common/4.1.50.Final/netty-transport-native-unix-common-4.1.50.Final.jar:/Users/sprasad9/.m2/repository/org/springframework/spring-web/5.2.7.RELEASE/spring-web-5.2.7.RELEASE.jar:/Users/sprasad9/.m2/repository/org/springframework/spring-beans/5.2.7.RELEASE/spring-beans-5.2.7.RELEASE.jar:/Users/sprasad9/.m2/repository/org/springframework/spring-webflux/5.2.7.RELEASE/spring-webflux-5.2.7.RELEASE.jar:/Users/sprasad9/.m2/repository/org/synchronoss/cloud/nio-multipart-parser/1.1.0/nio-multipart-parser-1.1.0.jar:/Users/sprasad9/.m2/repository/org/slf4j/slf4j-api/1.7.30/slf4j-api-1.7.30.jar:/Users/sprasad9/.m2/repository/org/synchronoss/cloud/nio-stream-storage/1.1.3/nio-stream-storage-1.1.3.jar:/Users/sprasad9/.m2/repository/org/springframework/cloud/spring-cloud-starter-gateway/2.2.3.RELEASE/spring-cloud-starter-gateway-2.2.3.RELEASE.jar:/Users/sprasad9/.m2/repository/org/springframework/cloud/spring-cloud-gateway-core/2.2.3.RELEASE/spring-cloud-gateway-core-2.2.3.RELEASE.jar:/Users/sprasad9/.m2/repository/org/springframework/boot/spring-boot-starter-validation/2.3.1.RELEASE/spring-boot-starter-validation-2.3.1.RELEASE.jar:/Users/sprasad9/.m2/repository/org/glassfish/jakarta.el/3.0.3/jakarta.el-3.0.3.jar:/Users/sprasad9/.m2/repository/org/hibernate/validator/hibernate-validator/6.1.5.Final/hibernate-validator-6.1.5.Final.jar:/Users/sprasad9/.m2/repository/jakarta/validation/jakarta.validation-api/2.0.2/jakarta.validation-api-2.0.2.jar:/Users/sprasad9/.m2/repository/org/jboss/logging/jboss-logging/3.4.1.Final/jboss-logging-3.4.1.Final.jar:/Users/sprasad9/.m2/repository/com/fasterxml/classmate/1.5.1/classmate-1.5.1.jar:/Users/sprasad9/.m2/repository/io/projectreactor/addons/reactor-extra/3.3.3.RELEASE/reactor-extra-3.3.3.RELEASE.jar:/Users/sprasad9/.m2/repository/org/springframework/cloud/spring-cloud-starter-netflix-hystrix/2.2.4.BUILD-SNAPSHOT/spring-cloud-starter-netflix-hystrix-2.2.4.BUILD-SNAPSHOT.jar:/Users/sprasad9/.m2/repository/org/springframework/cloud/spring-cloud-netflix-hystrix/2.2.4.BUILD-SNAPSHOT/spring-cloud-netflix-hystrix-2.2.4.BUILD-SNAPSHOT.jar:/Users/sprasad9/.m2/repository/org/springframework/boot/spring-boot-starter-aop/2.3.1.RELEASE/spring-boot-starter-aop-2.3.1.RELEASE.jar:/Users/sprasad9/.m2/repository/org/springframework/cloud/spring-cloud-netflix-ribbon/2.2.4.BUILD-SNAPSHOT/spring-cloud-netflix-ribbon-2.2.4.BUILD-SNAPSHOT.jar:/Users/sprasad9/.m2/repository/org/springframework/cloud/spring-cloud-netflix-archaius/2.2.4.BUILD-SNAPSHOT/spring-cloud-netflix-archaius-2.2.4.BUILD-SNAPSHOT.jar:/Users/sprasad9/.m2/repository/org/springframework/cloud/spring-cloud-starter-netflix-archaius/2.2.4.BUILD-SNAPSHOT/spring-cloud-starter-netflix-archaius-2.2.4.BUILD-SNAPSHOT.jar:/Users/sprasad9/.m2/repository/com/netflix/archaius/archaius-core/0.7.6/archaius-core-0.7.6.jar:/Users/sprasad9/.m2/repository/com/google/code/findbugs/jsr305/3.0.1/jsr305-3.0.1.jar:/Users/sprasad9/.m2/repository/commons-configuration/commons-configuration/1.8/commons-configuration-1.8.jar:/Users/sprasad9/.m2/repository/commons-lang/commons-lang/2.6/commons-lang-2.6.jar:/Users/sprasad9/.m2/repository/com/netflix/hystrix/hystrix-core/1.5.18/hystrix-core-1.5.18.jar:/Users/sprasad9/.m2/repository/io/reactivex/rxjava/1.3.8/rxjava-1.3.8.jar:/Users/sprasad9/.m2/repository/com/netflix/hystrix/hystrix-serialization/1.5.18/hystrix-serialization-1.5.18.jar:/Users/sprasad9/.m2/repository/com/fasterxml/jackson/module/jackson-module-afterburner/2.11.0/jackson-module-afterburner-2.11.0.jar:/Users/sprasad9/.m2/repository/com/fasterxml/jackson/core/jackson-core/2.11.0/jackson-core-2.11.0.jar:/Users/sprasad9/.m2/repository/com/fasterxml/jackson/core/jackson-annotations/2.11.0/jackson-annotations-2.11.0.jar:/Users/sprasad9/.m2/repository/com/netflix/hystrix/hystrix-metrics-event-stream/1.5.18/hystrix-metrics-event-stream-1.5.18.jar:/Users/sprasad9/.m2/repository/com/netflix/hystrix/hystrix-javanica/1.5.18/hystrix-javanica-1.5.18.jar:/Users/sprasad9/.m2/repository/org/apache/commons/commons-lang3/3.10/commons-lang3-3.10.jar:/Users/sprasad9/.m2/repository/org/ow2/asm/asm/5.0.4/asm-5.0.4.jar:/Users/sprasad9/.m2/repository/org/aspectj/aspectjweaver/1.9.5/aspectjweaver-1.9.5.jar:/Users/sprasad9/.m2/repository/com/google/guava/guava/29.0-jre/guava-29.0-jre.jar:/Users/sprasad9/.m2/repository/com/google/guava/failureaccess/1.0.1/failureaccess-1.0.1.jar:/Users/sprasad9/.m2/repository/com/google/guava/listenablefuture/9999.0-empty-to-avoid-conflict-with-guava/listenablefuture-9999.0-empty-to-avoid-conflict-with-guava.jar:/Users/sprasad9/.m2/repository/org/checkerframework/checker-qual/2.11.1/checker-qual-2.11.1.jar:/Users/sprasad9/.m2/repository/com/google/errorprone/error_prone_annotations/2.3.4/error_prone_annotations-2.3.4.jar:/Users/sprasad9/.m2/repository/com/google/j2objc/j2objc-annotations/1.3/j2objc-annotations-1.3.jar:/Users/sprasad9/.m2/repository/io/reactivex/rxjava-reactive-streams/1.2.1/rxjava-reactive-streams-1.2.1.jar:/Users/sprasad9/.m2/repository/org/reactivestreams/reactive-streams/1.0.3/reactive-streams-1.0.3.jar:/Users/sprasad9/.m2/repository/org/springframework/boot/spring-boot-starter-data-redis/2.3.1.RELEASE/spring-boot-starter-data-redis-2.3.1.RELEASE.jar:/Users/sprasad9/.m2/repository/org/springframework/data/spring-data-redis/2.3.1.RELEASE/spring-data-redis-2.3.1.RELEASE.jar:/Users/sprasad9/.m2/repository/org/springframework/data/spring-data-keyvalue/2.3.1.RELEASE/spring-data-keyvalue-2.3.1.RELEASE.jar:/Users/sprasad9/.m2/repository/org/springframework/data/spring-data-commons/2.3.1.RELEASE/spring-data-commons-2.3.1.RELEASE.jar:/Users/sprasad9/.m2/repository/org/springframework/spring-tx/5.2.7.RELEASE/spring-tx-5.2.7.RELEASE.jar:/Users/sprasad9/.m2/repository/org/springframework/spring-oxm/5.2.7.RELEASE/spring-oxm-5.2.7.RELEASE.jar:/Users/sprasad9/.m2/repository/org/springframework/spring-context-support/5.2.7.RELEASE/spring-context-support-5.2.7.RELEASE.jar:/Users/sprasad9/.m2/repository/io/lettuce/lettuce-core/5.3.1.RELEASE/lettuce-core-5.3.1.RELEASE.jar:/Users/sprasad9/.m2/repository/io/netty/netty-common/4.1.50.Final/netty-common-4.1.50.Final.jar:/Users/sprasad9/.m2/repository/io/netty/netty-handler/4.1.50.Final/netty-handler-4.1.50.Final.jar:/Users/sprasad9/.m2/repository/io/netty/netty-resolver/4.1.50.Final/netty-resolver-4.1.50.Final.jar:/Users/sprasad9/.m2/repository/io/netty/netty-buffer/4.1.50.Final/netty-buffer-4.1.50.Final.jar:/Users/sprasad9/.m2/repository/io/netty/netty-codec/4.1.50.Final/netty-codec-4.1.50.Final.jar:/Users/sprasad9/.m2/repository/io/netty/netty-transport/4.1.50.Final/netty-transport-4.1.50.Final.jar:/Users/sprasad9/.m2/repository/org/springframework/boot/spring-boot-starter-security/2.3.1.RELEASE/spring-boot-starter-security-2.3.1.RELEASE.jar:/Users/sprasad9/.m2/repository/org/springframework/spring-aop/5.2.7.RELEASE/spring-aop-5.2.7.RELEASE.jar:/Users/sprasad9/.m2/repository/org/springframework/security/spring-security-config/5.3.3.RELEASE/spring-security-config-5.3.3.RELEASE.jar:/Users/sprasad9/.m2/repository/org/springframework/security/spring-security-core/5.3.3.RELEASE/spring-security-core-5.3.3.RELEASE.jar:/Users/sprasad9/.m2/repository/org/springframework/spring-context/5.2.7.RELEASE/spring-context-5.2.7.RELEASE.jar:/Users/sprasad9/.m2/repository/org/springframework/security/spring-security-web/5.3.3.RELEASE/spring-security-web-5.3.3.RELEASE.jar:/Users/sprasad9/.m2/repository/org/springframework/spring-expression/5.2.7.RELEASE/spring-expression-5.2.7.RELEASE.jar:/Users/sprasad9/.m2/repository/org/springframework/boot/spring-boot-starter-test/2.3.1.RELEASE/spring-boot-starter-test-2.3.1.RELEASE.jar:/Users/sprasad9/.m2/repository/org/springframework/boot/spring-boot-test/2.3.1.RELEASE/spring-boot-test-2.3.1.RELEASE.jar:/Users/sprasad9/.m2/repository/org/springframework/boot/spring-boot-test-autoconfigure/2.3.1.RELEASE/spring-boot-test-autoconfigure-2.3.1.RELEASE.jar:/Users/sprasad9/.m2/repository/com/jayway/jsonpath/json-path/2.4.0/json-path-2.4.0.jar:/Users/sprasad9/.m2/repository/net/minidev/json-smart/2.3/json-smart-2.3.jar:/Users/sprasad9/.m2/repository/net/minidev/accessors-smart/1.2/accessors-smart-1.2.jar:/Users/sprasad9/.m2/repository/jakarta/xml/bind/jakarta.xml.bind-api/2.3.3/jakarta.xml.bind-api-2.3.3.jar:/Users/sprasad9/.m2/repository/jakarta/activation/jakarta.activation-api/1.2.2/jakarta.activation-api-1.2.2.jar:/Users/sprasad9/.m2/repository/org/assertj/assertj-core/3.16.1/assertj-core-3.16.1.jar:/Users/sprasad9/.m2/repository/org/hamcrest/hamcrest/2.2/hamcrest-2.2.jar:/Users/sprasad9/.m2/repository/org/junit/jupiter/junit-jupiter/5.6.2/junit-jupiter-5.6.2.jar:/Users/sprasad9/.m2/repository/org/junit/jupiter/junit-jupiter-api/5.6.2/junit-jupiter-api-5.6.2.jar:/Users/sprasad9/.m2/repository/org/opentest4j/opentest4j/1.2.0/opentest4j-1.2.0.jar:/Users/sprasad9/.m2/repository/org/junit/platform/junit-platform-commons/1.6.2/junit-platform-commons-1.6.2.jar:/Users/sprasad9/.m2/repository/org/junit/jupiter/junit-jupiter-params/5.6.2/junit-jupiter-params-5.6.2.jar:/Users/sprasad9/.m2/repository/org/junit/jupiter/junit-jupiter-engine/5.6.2/junit-jupiter-engine-5.6.2.jar:/Users/sprasad9/.m2/repository/org/junit/vintage/junit-vintage-engine/5.6.2/junit-vintage-engine-5.6.2.jar:/Users/sprasad9/.m2/repository/org/apiguardian/apiguardian-api/1.1.0/apiguardian-api-1.1.0.jar:/Users/sprasad9/.m2/repository/org/junit/platform/junit-platform-engine/1.6.2/junit-platform-engine-1.6.2.jar:/Users/sprasad9/.m2/repository/junit/junit/4.13/junit-4.13.jar:/Users/sprasad9/.m2/repository/org/mockito/mockito-core/3.3.3/mockito-core-3.3.3.jar:/Users/sprasad9/.m2/repository/net/bytebuddy/byte-buddy/1.10.11/byte-buddy-1.10.11.jar:/Users/sprasad9/.m2/repository/net/bytebuddy/byte-buddy-agent/1.10.11/byte-buddy-agent-1.10.11.jar:/Users/sprasad9/.m2/repository/org/objenesis/objenesis/2.6/objenesis-2.6.jar:/Users/sprasad9/.m2/repository/org/mockito/mockito-junit-jupiter/3.3.3/mockito-junit-jupiter-3.3.3.jar:/Users/sprasad9/.m2/repository/org/skyscreamer/jsonassert/1.5.0/jsonassert-1.5.0.jar:/Users/sprasad9/.m2/repository/com/vaadin/external/google/android-json/0.0.20131108.vaadin1/android-json-0.0.20131108.vaadin1.jar:/Users/sprasad9/.m2/repository/org/springframework/spring-core/5.2.7.RELEASE/spring-core-5.2.7.RELEASE.jar:/Users/sprasad9/.m2/repository/org/springframework/spring-jcl/5.2.7.RELEASE/spring-jcl-5.2.7.RELEASE.jar:/Users/sprasad9/.m2/repository/org/springframework/spring-test/5.2.7.RELEASE/spring-test-5.2.7.RELEASE.jar:/Users/sprasad9/.m2/repository/org/xmlunit/xmlunit-core/2.7.0/xmlunit-core-2.7.0.jar:/Users/sprasad9/.m2/repository/io/projectreactor/reactor-test/3.3.6.RELEASE/reactor-test-3.3.6.RELEASE.jar:/Users/sprasad9/.m2/repository/io/projectreactor/reactor-core/3.3.6.RELEASE/reactor-core-3.3.6.RELEASE.jar:"/>
    <property name="java.vm.vendor" value="Oracle Corporation"/>
    <property name="sun.arch.data.model" value="64"/>
    <property name="java.vendor.url" value="http://java.oracle.com/"/>
    <property name="user.timezone" value="Asia/Calcutta"/>
    <property name="java.vm.specification.version" value="1.8"/>
    <property name="os.name" value="Mac OS X"/>
    <property name="user.country" value="IN"/>
    <property name="sun.java.launcher" value="SUN_STANDARD"/>
    <property name="sun.boot.library.path" value="/Library/Java/JavaVirtualMachines/jdk1.8.0_251.jdk/Contents/Home/jre/lib"/>
    <property name="sun.java.command" value="/Users/sprasad9/JCP/code/personal/spring-cloud-circuitbreaker-demo/spring-cloud-gateway-sample/target/surefire/surefirebooter3534205689008212770.jar /Users/sprasad9/JCP/code/personal/spring-cloud-circuitbreaker-demo/spring-cloud-gateway-sample/target/surefire 2020-07-21T14-23-54_337-jvmRun1 surefire4747451507427406378tmp surefire_61463732029498145958tmp"/>
    <property name="surefire.test.class.path" value="/Users/sprasad9/JCP/code/personal/spring-cloud-circuitbreaker-demo/spring-cloud-gateway-sample/target/test-classes:/Users/sprasad9/JCP/code/personal/spring-cloud-circuitbreaker-demo/spring-cloud-gateway-sample/target/classes:/Users/sprasad9/.m2/repository/org/springframework/boot/spring-boot-starter-actuator/2.3.1.RELEASE/spring-boot-starter-actuator-2.3.1.RELEASE.jar:/Users/sprasad9/.m2/repository/org/springframework/boot/spring-boot-starter/2.3.1.RELEASE/spring-boot-starter-2.3.1.RELEASE.jar:/Users/sprasad9/.m2/repository/org/springframework/boot/spring-boot/2.3.1.RELEASE/spring-boot-2.3.1.RELEASE.jar:/Users/sprasad9/.m2/repository/org/springframework/boot/spring-boot-autoconfigure/2.3.1.RELEASE/spring-boot-autoconfigure-2.3.1.RELEASE.jar:/Users/sprasad9/.m2/repository/org/springframework/boot/spring-boot-starter-logging/2.3.1.RELEASE/spring-boot-starter-logging-2.3.1.RELEASE.jar:/Users/sprasad9/.m2/repository/ch/qos/logback/logback-classic/1.2.3/logback-classic-1.2.3.jar:/Users/sprasad9/.m2/repository/ch/qos/logback/logback-core/1.2.3/logback-core-1.2.3.jar:/Users/sprasad9/.m2/repository/org/apache/logging/log4j/log4j-to-slf4j/2.13.3/log4j-to-slf4j-2.13.3.jar:/Users/sprasad9/.m2/repository/org/apache/logging/log4j/log4j-api/2.13.3/log4j-api-2.13.3.jar:/Users/sprasad9/.m2/repository/org/slf4j/jul-to-slf4j/1.7.30/jul-to-slf4j-1.7.30.jar:/Users/sprasad9/.m2/repository/jakarta/annotation/jakarta.annotation-api/1.3.5/jakarta.annotation-api-1.3.5.jar:/Users/sprasad9/.m2/repository/org/yaml/snakeyaml/1.26/snakeyaml-1.26.jar:/Users/sprasad9/.m2/repository/org/springframework/boot/spring-boot-actuator-autoconfigure/2.3.1.RELEASE/spring-boot-actuator-autoconfigure-2.3.1.RELEASE.jar:/Users/sprasad9/.m2/repository/org/springframework/boot/spring-boot-actuator/2.3.1.RELEASE/spring-boot-actuator-2.3.1.RELEASE.jar:/Users/sprasad9/.m2/repository/com/fasterxml/jackson/core/jackson-databind/2.11.0/jackson-databind-2.11.0.jar:/Users/sprasad9/.m2/repository/com/fasterxml/jackson/datatype/jackson-datatype-jsr310/2.11.0/jackson-datatype-jsr310-2.11.0.jar:/Users/sprasad9/.m2/repository/io/micrometer/micrometer-core/1.5.1/micrometer-core-1.5.1.jar:/Users/sprasad9/.m2/repository/org/hdrhistogram/HdrHistogram/2.1.12/HdrHistogram-2.1.12.jar:/Users/sprasad9/.m2/repository/org/latencyutils/LatencyUtils/2.0.3/LatencyUtils-2.0.3.jar:/Users/sprasad9/.m2/repository/org/springframework/cloud/spring-cloud-starter/2.2.4.BUILD-SNAPSHOT/spring-cloud-starter-2.2.4.BUILD-SNAPSHOT.jar:/Users/sprasad9/.m2/repository/org/springframework/cloud/spring-cloud-context/2.2.4.BUILD-SNAPSHOT/spring-cloud-context-2.2.4.BUILD-SNAPSHOT.jar:/Users/sprasad9/.m2/repository/org/springframework/security/spring-security-crypto/5.3.3.RELEASE/spring-security-crypto-5.3.3.RELEASE.jar:/Users/sprasad9/.m2/repository/org/springframework/cloud/spring-cloud-commons/2.2.4.BUILD-SNAPSHOT/spring-cloud-commons-2.2.4.BUILD-SNAPSHOT.jar:/Users/sprasad9/.m2/repository/org/springframework/security/spring-security-rsa/1.0.9.RELEASE/spring-security-rsa-1.0.9.RELEASE.jar:/Users/sprasad9/.m2/repository/org/bouncycastle/bcpkix-jdk15on/1.64/bcpkix-jdk15on-1.64.jar:/Users/sprasad9/.m2/repository/org/bouncycastle/bcprov-jdk15on/1.64/bcprov-jdk15on-1.64.jar:/Users/sprasad9/.m2/repository/org/springframework/boot/spring-boot-starter-webflux/2.3.1.RELEASE/spring-boot-starter-webflux-2.3.1.RELEASE.jar:/Users/sprasad9/.m2/repository/org/springframework/boot/spring-boot-starter-json/2.3.1.RELEASE/spring-boot-starter-json-2.3.1.RELEASE.jar:/Users/sprasad9/.m2/repository/com/fasterxml/jackson/datatype/jackson-datatype-jdk8/2.11.0/jackson-datatype-jdk8-2.11.0.jar:/Users/sprasad9/.m2/repository/com/fasterxml/jackson/module/jackson-module-parameter-names/2.11.0/jackson-module-parameter-names-2.11.0.jar:/Users/sprasad9/.m2/repository/org/springframework/boot/spring-boot-starter-reactor-netty/2.3.1.RELEASE/spring-boot-starter-reactor-netty-2.3.1.RELEASE.jar:/Users/sprasad9/.m2/repository/io/projectreactor/netty/reactor-netty/0.9.8.RELEASE/reactor-netty-0.9.8.RELEASE.jar:/Users/sprasad9/.m2/repository/io/netty/netty-codec-http/4.1.50.Final/netty-codec-http-4.1.50.Final.jar:/Users/sprasad9/.m2/repository/io/netty/netty-codec-http2/4.1.50.Final/netty-codec-http2-4.1.50.Final.jar:/Users/sprasad9/.m2/repository/io/netty/netty-handler-proxy/4.1.50.Final/netty-handler-proxy-4.1.50.Final.jar:/Users/sprasad9/.m2/repository/io/netty/netty-codec-socks/4.1.50.Final/netty-codec-socks-4.1.50.Final.jar:/Users/sprasad9/.m2/repository/io/netty/netty-transport-native-epoll/4.1.50.Final/netty-transport-native-epoll-4.1.50.Final-linux-x86_64.jar:/Users/sprasad9/.m2/repository/io/netty/netty-transport-native-unix-common/4.1.50.Final/netty-transport-native-unix-common-4.1.50.Final.jar:/Users/sprasad9/.m2/repository/org/springframework/spring-web/5.2.7.RELEASE/spring-web-5.2.7.RELEASE.jar:/Users/sprasad9/.m2/repository/org/springframework/spring-beans/5.2.7.RELEASE/spring-beans-5.2.7.RELEASE.jar:/Users/sprasad9/.m2/repository/org/springframework/spring-webflux/5.2.7.RELEASE/spring-webflux-5.2.7.RELEASE.jar:/Users/sprasad9/.m2/repository/org/synchronoss/cloud/nio-multipart-parser/1.1.0/nio-multipart-parser-1.1.0.jar:/Users/sprasad9/.m2/repository/org/slf4j/slf4j-api/1.7.30/slf4j-api-1.7.30.jar:/Users/sprasad9/.m2/repository/org/synchronoss/cloud/nio-stream-storage/1.1.3/nio-stream-storage-1.1.3.jar:/Users/sprasad9/.m2/repository/org/springframework/cloud/spring-cloud-starter-gateway/2.2.3.RELEASE/spring-cloud-starter-gateway-2.2.3.RELEASE.jar:/Users/sprasad9/.m2/repository/org/springframework/cloud/spring-cloud-gateway-core/2.2.3.RELEASE/spring-cloud-gateway-core-2.2.3.RELEASE.jar:/Users/sprasad9/.m2/repository/org/springframework/boot/spring-boot-starter-validation/2.3.1.RELEASE/spring-boot-starter-validation-2.3.1.RELEASE.jar:/Users/sprasad9/.m2/repository/org/glassfish/jakarta.el/3.0.3/jakarta.el-3.0.3.jar:/Users/sprasad9/.m2/repository/org/hibernate/validator/hibernate-validator/6.1.5.Final/hibernate-validator-6.1.5.Final.jar:/Users/sprasad9/.m2/repository/jakarta/validation/jakarta.validation-api/2.0.2/jakarta.validation-api-2.0.2.jar:/Users/sprasad9/.m2/repository/org/jboss/logging/jboss-logging/3.4.1.Final/jboss-logging-3.4.1.Final.jar:/Users/sprasad9/.m2/repository/com/fasterxml/classmate/1.5.1/classmate-1.5.1.jar:/Users/sprasad9/.m2/repository/io/projectreactor/addons/reactor-extra/3.3.3.RELEASE/reactor-extra-3.3.3.RELEASE.jar:/Users/sprasad9/.m2/repository/org/springframework/cloud/spring-cloud-starter-netflix-hystrix/2.2.4.BUILD-SNAPSHOT/spring-cloud-starter-netflix-hystrix-2.2.4.BUILD-SNAPSHOT.jar:/Users/sprasad9/.m2/repository/org/springframework/cloud/spring-cloud-netflix-hystrix/2.2.4.BUILD-SNAPSHOT/spring-cloud-netflix-hystrix-2.2.4.BUILD-SNAPSHOT.jar:/Users/sprasad9/.m2/repository/org/springframework/boot/spring-boot-starter-aop/2.3.1.RELEASE/spring-boot-starter-aop-2.3.1.RELEASE.jar:/Users/sprasad9/.m2/repository/org/springframework/cloud/spring-cloud-netflix-ribbon/2.2.4.BUILD-SNAPSHOT/spring-cloud-netflix-ribbon-2.2.4.BUILD-SNAPSHOT.jar:/Users/sprasad9/.m2/repository/org/springframework/cloud/spring-cloud-netflix-archaius/2.2.4.BUILD-SNAPSHOT/spring-cloud-netflix-archaius-2.2.4.BUILD-SNAPSHOT.jar:/Users/sprasad9/.m2/repository/org/springframework/cloud/spring-cloud-starter-netflix-archaius/2.2.4.BUILD-SNAPSHOT/spring-cloud-starter-netflix-archaius-2.2.4.BUILD-SNAPSHOT.jar:/Users/sprasad9/.m2/repository/com/netflix/archaius/archaius-core/0.7.6/archaius-core-0.7.6.jar:/Users/sprasad9/.m2/repository/com/google/code/findbugs/jsr305/3.0.1/jsr305-3.0.1.jar:/Users/sprasad9/.m2/repository/commons-configuration/commons-configuration/1.8/commons-configuration-1.8.jar:/Users/sprasad9/.m2/repository/commons-lang/commons-lang/2.6/commons-lang-2.6.jar:/Users/sprasad9/.m2/repository/com/netflix/hystrix/hystrix-core/1.5.18/hystrix-core-1.5.18.jar:/Users/sprasad9/.m2/repository/io/reactivex/rxjava/1.3.8/rxjava-1.3.8.jar:/Users/sprasad9/.m2/repository/com/netflix/hystrix/hystrix-serialization/1.5.18/hystrix-serialization-1.5.18.jar:/Users/sprasad9/.m2/repository/com/fasterxml/jackson/module/jackson-module-afterburner/2.11.0/jackson-module-afterburner-2.11.0.jar:/Users/sprasad9/.m2/repository/com/fasterxml/jackson/core/jackson-core/2.11.0/jackson-core-2.11.0.jar:/Users/sprasad9/.m2/repository/com/fasterxml/jackson/core/jackson-annotations/2.11.0/jackson-annotations-2.11.0.jar:/Users/sprasad9/.m2/repository/com/netflix/hystrix/hystrix-metrics-event-stream/1.5.18/hystrix-metrics-event-stream-1.5.18.jar:/Users/sprasad9/.m2/repository/com/netflix/hystrix/hystrix-javanica/1.5.18/hystrix-javanica-1.5.18.jar:/Users/sprasad9/.m2/repository/org/apache/commons/commons-lang3/3.10/commons-lang3-3.10.jar:/Users/sprasad9/.m2/repository/org/ow2/asm/asm/5.0.4/asm-5.0.4.jar:/Users/sprasad9/.m2/repository/org/aspectj/aspectjweaver/1.9.5/aspectjweaver-1.9.5.jar:/Users/sprasad9/.m2/repository/com/google/guava/guava/29.0-jre/guava-29.0-jre.jar:/Users/sprasad9/.m2/repository/com/google/guava/failureaccess/1.0.1/failureaccess-1.0.1.jar:/Users/sprasad9/.m2/repository/com/google/guava/listenablefuture/9999.0-empty-to-avoid-conflict-with-guava/listenablefuture-9999.0-empty-to-avoid-conflict-with-guava.jar:/Users/sprasad9/.m2/repository/org/checkerframework/checker-qual/2.11.1/checker-qual-2.11.1.jar:/Users/sprasad9/.m2/repository/com/google/errorprone/error_prone_annotations/2.3.4/error_prone_annotations-2.3.4.jar:/Users/sprasad9/.m2/repository/com/google/j2objc/j2objc-annotations/1.3/j2objc-annotations-1.3.jar:/Users/sprasad9/.m2/repository/io/reactivex/rxjava-reactive-streams/1.2.1/rxjava-reactive-streams-1.2.1.jar:/Users/sprasad9/.m2/repository/org/reactivestreams/reactive-streams/1.0.3/reactive-streams-1.0.3.jar:/Users/sprasad9/.m2/repository/org/springframework/boot/spring-boot-starter-data-redis/2.3.1.RELEASE/spring-boot-starter-data-redis-2.3.1.RELEASE.jar:/Users/sprasad9/.m2/repository/org/springframework/data/spring-data-redis/2.3.1.RELEASE/spring-data-redis-2.3.1.RELEASE.jar:/Users/sprasad9/.m2/repository/org/springframework/data/spring-data-keyvalue/2.3.1.RELEASE/spring-data-keyvalue-2.3.1.RELEASE.jar:/Users/sprasad9/.m2/repository/org/springframework/data/spring-data-commons/2.3.1.RELEASE/spring-data-commons-2.3.1.RELEASE.jar:/Users/sprasad9/.m2/repository/org/springframework/spring-tx/5.2.7.RELEASE/spring-tx-5.2.7.RELEASE.jar:/Users/sprasad9/.m2/repository/org/springframework/spring-oxm/5.2.7.RELEASE/spring-oxm-5.2.7.RELEASE.jar:/Users/sprasad9/.m2/repository/org/springframework/spring-context-support/5.2.7.RELEASE/spring-context-support-5.2.7.RELEASE.jar:/Users/sprasad9/.m2/repository/io/lettuce/lettuce-core/5.3.1.RELEASE/lettuce-core-5.3.1.RELEASE.jar:/Users/sprasad9/.m2/repository/io/netty/netty-common/4.1.50.Final/netty-common-4.1.50.Final.jar:/Users/sprasad9/.m2/repository/io/netty/netty-handler/4.1.50.Final/netty-handler-4.1.50.Final.jar:/Users/sprasad9/.m2/repository/io/netty/netty-resolver/4.1.50.Final/netty-resolver-4.1.50.Final.jar:/Users/sprasad9/.m2/repository/io/netty/netty-buffer/4.1.50.Final/netty-buffer-4.1.50.Final.jar:/Users/sprasad9/.m2/repository/io/netty/netty-codec/4.1.50.Final/netty-codec-4.1.50.Final.jar:/Users/sprasad9/.m2/repository/io/netty/netty-transport/4.1.50.Final/netty-transport-4.1.50.Final.jar:/Users/sprasad9/.m2/repository/org/springframework/boot/spring-boot-starter-security/2.3.1.RELEASE/spring-boot-starter-security-2.3.1.RELEASE.jar:/Users/sprasad9/.m2/repository/org/springframework/spring-aop/5.2.7.RELEASE/spring-aop-5.2.7.RELEASE.jar:/Users/sprasad9/.m2/repository/org/springframework/security/spring-security-config/5.3.3.RELEASE/spring-security-config-5.3.3.RELEASE.jar:/Users/sprasad9/.m2/repository/org/springframework/security/spring-security-core/5.3.3.RELEASE/spring-security-core-5.3.3.RELEASE.jar:/Users/sprasad9/.m2/repository/org/springframework/spring-context/5.2.7.RELEASE/spring-context-5.2.7.RELEASE.jar:/Users/sprasad9/.m2/repository/org/springframework/security/spring-security-web/5.3.3.RELEASE/spring-security-web-5.3.3.RELEASE.jar:/Users/sprasad9/.m2/repository/org/springframework/spring-expression/5.2.7.RELEASE/spring-expression-5.2.7.RELEASE.jar:/Users/sprasad9/.m2/repository/org/springframework/boot/spring-boot-starter-test/2.3.1.RELEASE/spring-boot-starter-test-2.3.1.RELEASE.jar:/Users/sprasad9/.m2/repository/org/springframework/boot/spring-boot-test/2.3.1.RELEASE/spring-boot-test-2.3.1.RELEASE.jar:/Users/sprasad9/.m2/repository/org/springframework/boot/spring-boot-test-autoconfigure/2.3.1.RELEASE/spring-boot-test-autoconfigure-2.3.1.RELEASE.jar:/Users/sprasad9/.m2/repository/com/jayway/jsonpath/json-path/2.4.0/json-path-2.4.0.jar:/Users/sprasad9/.m2/repository/net/minidev/json-smart/2.3/json-smart-2.3.jar:/Users/sprasad9/.m2/repository/net/minidev/accessors-smart/1.2/accessors-smart-1.2.jar:/Users/sprasad9/.m2/repository/jakarta/xml/bind/jakarta.xml.bind-api/2.3.3/jakarta.xml.bind-api-2.3.3.jar:/Users/sprasad9/.m2/repository/jakarta/activation/jakarta.activation-api/1.2.2/jakarta.activation-api-1.2.2.jar:/Users/sprasad9/.m2/repository/org/assertj/assertj-core/3.16.1/assertj-core-3.16.1.jar:/Users/sprasad9/.m2/repository/org/hamcrest/hamcrest/2.2/hamcrest-2.2.jar:/Users/sprasad9/.m2/repository/org/junit/jupiter/junit-jupiter/5.6.2/junit-jupiter-5.6.2.jar:/Users/sprasad9/.m2/repository/org/junit/jupiter/junit-jupiter-api/5.6.2/junit-jupiter-api-5.6.2.jar:/Users/sprasad9/.m2/repository/org/opentest4j/opentest4j/1.2.0/opentest4j-1.2.0.jar:/Users/sprasad9/.m2/repository/org/junit/platform/junit-platform-commons/1.6.2/junit-platform-commons-1.6.2.jar:/Users/sprasad9/.m2/repository/org/junit/jupiter/junit-jupiter-params/5.6.2/junit-jupiter-params-5.6.2.jar:/Users/sprasad9/.m2/repository/org/junit/jupiter/junit-jupiter-engine/5.6.2/junit-jupiter-engine-5.6.2.jar:/Users/sprasad9/.m2/repository/org/junit/vintage/junit-vintage-engine/5.6.2/junit-vintage-engine-5.6.2.jar:/Users/sprasad9/.m2/repository/org/apiguardian/apiguardian-api/1.1.0/apiguardian-api-1.1.0.jar:/Users/sprasad9/.m2/repository/org/junit/platform/junit-platform-engine/1.6.2/junit-platform-engine-1.6.2.jar:/Users/sprasad9/.m2/repository/junit/junit/4.13/junit-4.13.jar:/Users/sprasad9/.m2/repository/org/mockito/mockito-core/3.3.3/mockito-core-3.3.3.jar:/Users/sprasad9/.m2/repository/net/bytebuddy/byte-buddy/1.10.11/byte-buddy-1.10.11.jar:/Users/sprasad9/.m2/repository/net/bytebuddy/byte-buddy-agent/1.10.11/byte-buddy-agent-1.10.11.jar:/Users/sprasad9/.m2/repository/org/objenesis/objenesis/2.6/objenesis-2.6.jar:/Users/sprasad9/.m2/repository/org/mockito/mockito-junit-jupiter/3.3.3/mockito-junit-jupiter-3.3.3.jar:/Users/sprasad9/.m2/repository/org/skyscreamer/jsonassert/1.5.0/jsonassert-1.5.0.jar:/Users/sprasad9/.m2/repository/com/vaadin/external/google/android-json/0.0.20131108.vaadin1/android-json-0.0.20131108.vaadin1.jar:/Users/sprasad9/.m2/repository/org/springframework/spring-core/5.2.7.RELEASE/spring-core-5.2.7.RELEASE.jar:/Users/sprasad9/.m2/repository/org/springframework/spring-jcl/5.2.7.RELEASE/spring-jcl-5.2.7.RELEASE.jar:/Users/sprasad9/.m2/repository/org/springframework/spring-test/5.2.7.RELEASE/spring-test-5.2.7.RELEASE.jar:/Users/sprasad9/.m2/repository/org/xmlunit/xmlunit-core/2.7.0/xmlunit-core-2.7.0.jar:/Users/sprasad9/.m2/repository/io/projectreactor/reactor-test/3.3.6.RELEASE/reactor-test-3.3.6.RELEASE.jar:/Users/sprasad9/.m2/repository/io/projectreactor/reactor-core/3.3.6.RELEASE/reactor-core-3.3.6.RELEASE.jar:"/>
    <property name="sun.cpu.endian" value="little"/>
    <property name="user.home" value="/Users/sprasad9"/>
    <property name="user.language" value="en"/>
    <property name="java.specification.vendor" value="Oracle Corporation"/>
    <property name="java.home" value="/Library/Java/JavaVirtualMachines/jdk1.8.0_251.jdk/Contents/Home/jre"/>
    <property name="basedir" value="/Users/sprasad9/JCP/code/personal/spring-cloud-circuitbreaker-demo/spring-cloud-gateway-sample"/>
    <property name="file.separator" value="/"/>
    <property name="line.separator" value="&#10;"/>
    <property name="java.vm.specification.vendor" value="Oracle Corporation"/>
    <property name="java.specification.name" value="Java Platform API Specification"/>
    <property name="java.awt.graphicsenv" value="sun.awt.CGraphicsEnvironment"/>
    <property name="idea.version2020.1.2" value="true"/>
    <property name="surefire.real.class.path" value="/Users/sprasad9/JCP/code/personal/spring-cloud-circuitbreaker-demo/spring-cloud-gateway-sample/target/surefire/surefirebooter3534205689008212770.jar"/>
    <property name="sun.boot.class.path" value="/Library/Java/JavaVirtualMachines/jdk1.8.0_251.jdk/Contents/Home/jre/lib/resources.jar:/Library/Java/JavaVirtualMachines/jdk1.8.0_251.jdk/Contents/Home/jre/lib/rt.jar:/Library/Java/JavaVirtualMachines/jdk1.8.0_251.jdk/Contents/Home/jre/lib/sunrsasign.jar:/Library/Java/JavaVirtualMachines/jdk1.8.0_251.jdk/Contents/Home/jre/lib/jsse.jar:/Library/Java/JavaVirtualMachines/jdk1.8.0_251.jdk/Contents/Home/jre/lib/jce.jar:/Library/Java/JavaVirtualMachines/jdk1.8.0_251.jdk/Contents/Home/jre/lib/charsets.jar:/Library/Java/JavaVirtualMachines/jdk1.8.0_251.jdk/Contents/Home/jre/lib/jfr.jar:/Library/Java/JavaVirtualMachines/jdk1.8.0_251.jdk/Contents/Home/jre/classes"/>
    <property name="sun.management.compiler" value="HotSpot 64-Bit Tiered Compilers"/>
    <property name="java.runtime.version" value="1.8.0_251-b08"/>
    <property name="user.name" value="sprasad9"/>
    <property name="path.separator" value=":"/>
    <property name="os.version" value="10.14.6"/>
    <property name="java.endorsed.dirs" value="/Library/Java/JavaVirtualMachines/jdk1.8.0_251.jdk/Contents/Home/jre/lib/endorsed"/>
    <property name="java.runtime.name" value="Java(TM) SE Runtime Environment"/>
    <property name="altSnapshotDeploymentRepository" value="repo.spring.io::default::https://repo.spring.io/libs-snapshot-local"/>
    <property name="file.encoding" value="US-ASCII"/>
    <property name="java.vm.name" value="Java HotSpot(TM) 64-Bit Server VM"/>
    <property name="localRepository" value="/Users/sprasad9/.m2/repository"/>
    <property name="java.vendor.url.bug" value="http://bugreport.sun.com/bugreport/"/>
    <property name="java.io.tmpdir" value="/var/folders/rm/fssv9_b17477_2mbh7kvlzj12jv77d/T/"/>
    <property name="java.version" value="1.8.0_251"/>
    <property name="user.dir" value="/Users/sprasad9/JCP/code/personal/spring-cloud-circuitbreaker-demo/spring-cloud-gateway-sample"/>
    <property name="os.arch" value="x86_64"/>
    <property name="java.vm.specification.name" value="Java Virtual Machine Specification"/>
    <property name="java.awt.printerjob" value="sun.lwawt.macosx.CPrinterJob"/>
    <property name="sun.os.patch.level" value="unknown"/>
    <property name="java.library.path" value="/Users/sprasad9/Library/Java/Extensions:/Library/Java/Extensions:/Network/Library/Java/Extensions:/System/Library/Java/Extensions:/usr/lib/java:."/>
    <property name="java.vm.info" value="mixed mode"/>
    <property name="java.vendor" value="Oracle Corporation"/>
    <property name="java.vm.version" value="25.251-b08"/>
    <property name="java.ext.dirs" value="/Users/sprasad9/Library/Java/Extensions:/Library/Java/JavaVirtualMachines/jdk1.8.0_251.jdk/Contents/Home/jre/lib/ext:/Library/Java/Extensions:/Network/Library/Java/Extensions:/System/Library/Java/Extensions:/usr/lib/java"/>
    <property name="sun.io.unicode.encoding" value="UnicodeBig"/>
    <property name="java.class.version" value="52.0"/>
  </properties>
  <testcase name="initializationError" classname="com.spring.cloud.examples.gateway.DemoGatewayApplicationTests" time="0.012">
    <error message="Unable to find a @SpringBootConfiguration, you need to use @ContextConfiguration or @SpringBootTest(classes=...) with your test" type="java.lang.IllegalStateException">java.lang.IllegalStateException: Unable to find a @SpringBootConfiguration, you need to use @ContextConfiguration or @SpringBootTest(classes=...) with your test
</error>
    <system-out><![CDATA[14:24:51.269 [main] DEBUG org.springframework.test.context.junit4.SpringJUnit4ClassRunner - SpringJUnit4ClassRunner constructor called with [class com.spring.cloud.examples.gateway.DemoGatewayApplicationTests]
14:24:51.269 [main] DEBUG org.springframework.test.context.BootstrapUtils - Instantiating CacheAwareContextLoaderDelegate from class [org.springframework.test.context.cache.DefaultCacheAwareContextLoaderDelegate]
14:24:51.270 [main] DEBUG org.springframework.test.context.BootstrapUtils - Instantiating BootstrapContext using constructor [public org.springframework.test.context.support.DefaultBootstrapContext(java.lang.Class,org.springframework.test.context.CacheAwareContextLoaderDelegate)]
14:24:51.270 [main] DEBUG org.springframework.test.context.BootstrapUtils - Instantiating TestContextBootstrapper for test class [com.spring.cloud.examples.gateway.DemoGatewayApplicationTests] from class [org.springframework.boot.test.context.SpringBootTestContextBootstrapper]
14:24:51.271 [main] INFO org.springframework.boot.test.context.SpringBootTestContextBootstrapper - Neither @ContextConfiguration nor @ContextHierarchy found for test class [com.spring.cloud.examples.gateway.DemoGatewayApplicationTests], using SpringBootContextLoader
14:24:51.272 [main] DEBUG org.springframework.test.context.support.AbstractContextLoader - Did not detect default resource location for test class [com.spring.cloud.examples.gateway.DemoGatewayApplicationTests]: class path resource [com/spring/cloud/examples/gateway/DemoGatewayApplicationTests-context.xml] does not exist
14:24:51.273 [main] DEBUG org.springframework.test.context.support.AbstractContextLoader - Did not detect default resource location for test class [com.spring.cloud.examples.gateway.DemoGatewayApplicationTests]: class path resource [com/spring/cloud/examples/gateway/DemoGatewayApplicationTestsContext.groovy] does not exist
14:24:51.273 [main] INFO org.springframework.test.context.support.AbstractContextLoader - Could not detect default resource locations for test class [com.spring.cloud.examples.gateway.DemoGatewayApplicationTests]: no resource found for suffixes {-context.xml, Context.groovy}.
14:24:51.273 [main] INFO org.springframework.test.context.support.AnnotationConfigContextLoaderUtils - Could not detect default configuration classes for test class [com.spring.cloud.examples.gateway.DemoGatewayApplicationTests]: DemoGatewayApplicationTests does not declare any static, non-private, non-final, nested classes annotated with @Configuration.
14:24:51.275 [main] DEBUG org.springframework.test.context.support.ActiveProfilesUtils - Could not find an 'annotation declaring class' for annotation type [org.springframework.test.context.ActiveProfiles] and class [com.spring.cloud.examples.gateway.DemoGatewayApplicationTests]
]]></system-out>
  </testcase>
</testsuite>